<?xml version="1.0" encoding="UTF-8"?>
<!-- Generated by org.testng.reporters.JUnitXMLReporter -->
<testsuite ignored="2" hostname="Rohit" failures="2" tests="2" name="Test" time="5.976" errors="0" timestamp="2025-09-19T17:21:20 IST">
  <testcase classname="com.comcast.tourismtest.LoginAsAdminTest" name="loginAsAdminTest" time="0.004">
    <failure type="java.lang.NullPointerException" message="Cannot invoke &amp;quot;com.aventstack.extentreports.ExtentTest.log(com.aventstack.extentreports.Status, String)&amp;quot; because &amp;quot;this.test&amp;quot; is null">
      <![CDATA[java.lang.NullPointerException: Cannot invoke "com.aventstack.extentreports.ExtentTest.log(com.aventstack.extentreports.Status, String)" because "this.test" is null
at com.comcast.tourism.generic.listenerutility.ListenerImplementationClass.onTestStart(ListenerImplementationClass.java:49)
at java.base/java.util.ArrayList.forEach(ArrayList.java:1596)
at java.base/java.util.concurrent.FutureTask.run(FutureTask.java:317)
at java.base/java.util.concurrent.ThreadPoolExecutor.runWorker(ThreadPoolExecutor.java:1144)
at java.base/java.util.concurrent.ThreadPoolExecutor$Worker.run(ThreadPoolExecutor.java:642)
at java.base/java.lang.Thread.run(Thread.java:1583)
... Removed 14 stack frames]]>
    </failure>
  </testcase> <!-- loginAsAdminTest -->
  <testcase classname="com.comcast.tourismtest.LoginAsAdminTest" name="loginAsAdminTest" time="0.066">
    <failure type="java.lang.NullPointerException" message="Cannot invoke &amp;quot;com.aventstack.extentreports.ExtentTest.log(com.aventstack.extentreports.Status, String)&amp;quot; because &amp;quot;this.test&amp;quot; is null">
      <![CDATA[java.lang.NullPointerException: Cannot invoke "com.aventstack.extentreports.ExtentTest.log(com.aventstack.extentreports.Status, String)" because "this.test" is null
at com.comcast.tourism.generic.listenerutility.ListenerImplementationClass.onTestFailure(ListenerImplementationClass.java:65)
at java.base/java.util.ArrayList.forEach(ArrayList.java:1596)
at java.base/java.util.concurrent.FutureTask.run(FutureTask.java:317)
at java.base/java.util.concurrent.ThreadPoolExecutor.runWorker(ThreadPoolExecutor.java:1144)
at java.base/java.util.concurrent.ThreadPoolExecutor$Worker.run(ThreadPoolExecutor.java:642)
at java.base/java.lang.Thread.run(Thread.java:1583)
... Removed 14 stack frames]]>
    </failure>
  </testcase> <!-- loginAsAdminTest -->
  <testcase classname="com.comcast.tourism.generic.basetest.BaseClass" name="@AfterSuite ConfigAS" time="0.0">
    <ignored/>
  </testcase> <!-- @AfterSuite ConfigAS -->
  <testcase classname="com.comcast.tourism.generic.basetest.BaseClass" name="@BeforeSuite ConfigBS" time="0.0">
    <ignored/>
  </testcase> <!-- @BeforeSuite ConfigBS -->
</testsuite> <!-- Test -->
