<?xml version="1.0" encoding="UTF-8"?>
<testng-results ignored="0" total="0" passed="0" failed="0" skipped="0">
  <reporter-output>
  </reporter-output>
  <suite started-at="2025-09-19T17:21:20 IST" name="Suite" finished-at="2025-09-19T17:21:20 IST" duration-ms="0">
    <groups>
      <group name="Regrresion">
        <method signature="LoginAsAdminTest.loginAsAdminTest()[pri:0, instance:com.comcast.tourismtest.LoginAsAdminTest@229f66ed]" name="loginAsAdminTest" class="com.comcast.tourismtest.LoginAsAdminTest"/>
      </group> <!-- Regrresion -->
      <group name="Regression">
        <method signature="SignInAsExistingUserTest.signInTest()[pri:0, instance:com.comcast.tourismtest.SignInAsExistingUserTest@77c2494c]" name="signInTest" class="com.comcast.tourismtest.SignInAsExistingUserTest"/>
      </group> <!-- Regression -->
      <group name="Smoke">
        <method signature="LoginAsAdminTest.loginAsAdminTest()[pri:0, instance:com.comcast.tourismtest.LoginAsAdminTest@229f66ed]" name="loginAsAdminTest" class="com.comcast.tourismtest.LoginAsAdminTest"/>
      </group> <!-- Smoke -->
    </groups>
  </suite> <!-- Suite -->
</testng-results>
